2024/07/06 19:08:07 logger.go:19: ERROR: failed to save image | exit status 1
2024/07/06 19:08:14 logger.go:19: ERROR: failed to save image | exit status 1
2024/07/06 19:08:54 logger.go:19: ERROR: failed to save image | exit status 1
2024/07/06 19:09:00 logger.go:19: ERROR: failed to save image | exit status 1
2024/07/06 19:09:09 logger.go:19: ERROR: failed to save image | exit status 1
2024/07/06 19:09:21 logger.go:19: ERROR: failed to save image | exit status 1
2024/07/06 19:11:55 logger.go:19: ERROR: failed to save image | exit status 1
2024/07/06 19:12:01 logger.go:19: ERROR: failed to save image | exit status 1
2024/07/06 19:12:13 logger.go:19: ERROR: failed to save image | exit status 1
2024/07/06 19:12:21 logger.go:19: ERROR: failed to save image | exit status 1
2024/07/06 19:12:26 logger.go:19: ERROR: failed to save image | exit status 1
2024/07/06 19:12:34 logger.go:19: ERROR: failed to save image | exit status 1
2024/07/06 19:12:40 logger.go:19: ERROR: failed to save image | exit status 1
2024/07/06 19:12:49 logger.go:19: ERROR: failed to save image | exit status 1
2024/07/06 19:12:53 logger.go:19: ERROR: failed to save image | exit status 1
2024/07/06 19:13:52 logger.go:19: ERROR: failed to save image | exit status 1
2024/07/06 19:13:57 logger.go:19: ERROR: failed to save image | exit status 1
2024/07/06 19:14:17 logger.go:19: ERROR: failed to save image | exit status 1
2024/07/06 19:14:22 logger.go:19: ERROR: failed to save image | exit status 1
2024/07/06 19:14:31 logger.go:19: ERROR: failed to save image | exit status 1
2024/07/06 19:14:37 logger.go:19: ERROR: failed to save image | exit status 1
2024/07/06 19:14:44 logger.go:19: ERROR: failed to save image | exit status 1
2024/07/06 19:14:48 logger.go:19: ERROR: failed to save image | exit status 1
2024/07/06 19:14:55 logger.go:19: ERROR: failed to save image | exit status 1
2024/07/06 19:14:59 logger.go:19: ERROR: failed to save image | exit status 1
2024/07/06 19:16:45 logger.go:19: ERROR: failed to save image | exit status 1
2024/07/06 19:16:49 logger.go:19: ERROR: failed to save image | exit status 1
2024/07/06 19:16:57 logger.go:19: ERROR: failed to save image | exit status 1
2024/07/06 19:17:01 logger.go:19: ERROR: failed to save image | exit status 1
2024/07/06 19:33:22 logger.go:19: ERROR: failed to save image | exit status 1
2024/07/06 19:33:34 logger.go:19: ERROR: failed to save image | exit status 1
2024/07/06 19:33:45 logger.go:19: ERROR: failed to save image | exit status 1
2024/07/06 19:33:50 logger.go:19: ERROR: failed to save image | exit status 1
2024/07/06 19:33:56 logger.go:19: ERROR: failed to save image | exit status 1
2024/07/06 19:34:05 logger.go:19: ERROR: failed to save image | exit status 1
2024/07/06 19:36:14 logger.go:19: ERROR: failed to save image | exit status 1
2024/07/06 19:36:22 logger.go:19: ERROR: failed to save image | exit status 1
2024/07/06 19:36:31 logger.go:19: ERROR: failed to save image | exit status 1
2024/07/06 19:36:45 logger.go:19: ERROR: failed to save image | exit status 1
2024/07/06 19:36:54 logger.go:19: ERROR: failed to save image | exit status 1
2024/07/06 19:37:00 logger.go:19: ERROR: failed to save image | exit status 1
2024/07/06 19:37:10 logger.go:19: ERROR: failed to save image | exit status 1
2024/07/06 19:37:15 logger.go:19: ERROR: failed to save image | exit status 1
2024/07/06 19:37:33 logger.go:19: ERROR: failed to save image | exit status 1
2024/07/06 19:37:38 logger.go:19: ERROR: failed to save image | exit status 1
2024/07/06 19:37:48 logger.go:19: ERROR: failed to save image | exit status 1
2024/07/06 19:37:54 logger.go:19: ERROR: failed to save image | exit status 1
2024/07/06 19:38:11 logger.go:19: ERROR: failed to save image | exit status 1
2024/07/06 19:38:19 logger.go:19: ERROR: failed to save image | exit status 1
2024/07/06 19:38:28 logger.go:19: ERROR: failed to save image | exit status 1
2024/07/06 19:38:35 logger.go:19: ERROR: failed to save image | exit status 1
2024/07/06 19:39:02 logger.go:19: ERROR: failed to save image | exit status 1
2024/07/06 19:39:07 logger.go:19: ERROR: failed to save image | exit status 1
2024/07/06 19:39:17 logger.go:19: ERROR: failed to save image | exit status 1
2024/07/06 19:39:22 logger.go:19: ERROR: failed to save image | exit status 1
2024/07/06 19:40:37 logger.go:19: ERROR: failed to save image | exit status 1
2024/07/06 19:40:44 logger.go:19: ERROR: failed to save image | exit status 1
2024/07/06 19:40:51 logger.go:19: ERROR: failed to save image | exit status 1
2024/07/06 19:40:56 logger.go:19: ERROR: failed to save image | exit status 1
2024/07/06 19:41:04 logger.go:19: ERROR: failed to save image | exit status 1
2024/07/06 19:41:17 logger.go:19: ERROR: failed to save image | exit status 1
2024/07/06 19:41:23 logger.go:19: ERROR: failed to save image | exit status 1
2024/07/06 19:41:32 logger.go:19: ERROR: failed to save image | exit status 1
2024/07/06 19:41:55 logger.go:19: ERROR: failed to save image | exit status 1
2024/07/06 19:42:03 logger.go:19: ERROR: failed to save image | exit status 1
2024/07/06 19:42:09 logger.go:19: ERROR: failed to save image | exit status 1
2024/07/06 19:42:16 logger.go:19: ERROR: failed to save image | exit status 1
2024/07/06 19:42:22 logger.go:19: ERROR: failed to save image | exit status 1
2024/07/06 19:42:31 logger.go:19: ERROR: failed to save image | exit status 1
2024/07/06 19:42:41 logger.go:19: ERROR: failed to save image | exit status 1
2024/07/06 19:42:49 logger.go:19: ERROR: failed to save image | exit status 1
2024/07/06 19:43:45 logger.go:19: ERROR: failed to save image | exit status 1
2024/07/06 19:43:54 logger.go:19: ERROR: failed to save image | exit status 1
2024/07/06 19:44:12 logger.go:19: ERROR: failed to save image | exit status 1
2024/07/06 19:44:22 logger.go:19: ERROR: failed to save image | exit status 1
2024/07/06 19:44:28 logger.go:19: ERROR: failed to save image | exit status 1
2024/07/06 19:44:36 logger.go:19: ERROR: failed to save image | exit status 1
2024/07/06 19:44:48 logger.go:19: ERROR: failed to save image | exit status 1
2024/07/06 19:44:56 logger.go:19: ERROR: failed to save image | exit status 1
2024/07/06 19:45:11 logger.go:19: ERROR: failed to save image | exit status 1
2024/07/06 19:45:19 logger.go:19: ERROR: failed to save image | exit status 1
2024/07/06 19:45:26 logger.go:19: ERROR: failed to save image | exit status 1
2024/07/06 19:45:31 logger.go:19: ERROR: failed to save image | exit status 1
2024/07/06 19:45:38 logger.go:19: ERROR: failed to save image | exit status 1
2024/07/06 19:45:43 logger.go:19: ERROR: failed to save image | exit status 1
2024/07/06 19:45:51 logger.go:19: ERROR: failed to save image | exit status 1
2024/07/06 19:45:55 logger.go:19: ERROR: failed to save image | exit status 1
2024/07/06 19:46:04 logger.go:19: ERROR: failed to save image | exit status 1
2024/07/06 19:46:09 logger.go:19: ERROR: failed to save image | exit status 1
2024/07/06 19:46:15 logger.go:19: ERROR: failed to save image | exit status 1
2024/07/06 19:46:20 logger.go:19: ERROR: failed to save image | exit status 1
2024/07/06 19:52:06 logger.go:19: ERROR: failed to save image | exit status 1
2024/07/06 19:52:13 logger.go:19: ERROR: failed to save image | exit status 1
2024/07/06 19:52:18 logger.go:19: ERROR: failed to save image | exit status 1
2024/07/06 19:52:23 logger.go:19: ERROR: failed to save image | exit status 1
2024/07/06 19:52:28 logger.go:19: ERROR: failed to save image | exit status 1
2024/07/06 19:52:33 logger.go:19: ERROR: failed to save image | exit status 1
2024/07/06 19:52:39 logger.go:19: ERROR: failed to save image | exit status 1
2024/07/06 19:52:44 logger.go:19: ERROR: failed to save image | exit status 1
2024/07/06 19:52:58 logger.go:19: ERROR: failed to save image | exit status 1
2024/07/06 19:53:03 logger.go:19: ERROR: failed to save image | exit status 1
2024/07/06 19:53:10 logger.go:19: ERROR: failed to save image | exit status 1
2024/07/06 19:53:13 logger.go:19: ERROR: failed to save image | exit status 1
2024/07/06 19:53:19 logger.go:19: ERROR: failed to save image | exit status 1
2024/07/06 19:53:26 logger.go:19: ERROR: failed to save image | exit status 1
2024/07/06 19:53:33 logger.go:19: ERROR: failed to save image | exit status 1
2024/07/06 19:53:37 logger.go:19: ERROR: failed to save image | exit status 1
2024/07/06 19:55:05 logger.go:19: ERROR: failed to save image | exit status 1
2024/07/06 19:55:10 logger.go:19: ERROR: failed to save image | exit status 1
2024/07/06 19:55:16 logger.go:19: ERROR: failed to save image | exit status 1
2024/07/06 19:55:21 logger.go:19: ERROR: failed to save image | exit status 1
2024/07/06 19:55:26 logger.go:19: ERROR: failed to save image | exit status 1
2024/07/06 19:55:30 logger.go:19: ERROR: failed to save image | exit status 1
2024/07/06 19:55:36 logger.go:19: ERROR: failed to save image | exit status 1
2024/07/06 19:55:39 logger.go:19: ERROR: failed to save image | exit status 1
2024/07/06 19:55:50 logger.go:19: ERROR: failed to save image | exit status 1
2024/07/06 19:55:56 logger.go:19: ERROR: failed to save image | exit status 1
2024/07/06 19:56:02 logger.go:19: ERROR: failed to save image | exit status 1
2024/07/06 19:56:06 logger.go:19: ERROR: failed to save image | exit status 1
2024/07/07 08:43:51 logger.go:19: ERROR: failed to save image | exit status 1
2024/07/07 08:44:00 logger.go:19: ERROR: failed to save image | exit status 1
2024/07/07 08:44:17 logger.go:19: ERROR: failed to save image | exit status 1
2024/07/07 08:44:22 logger.go:19: ERROR: failed to save image | exit status 1
2024/07/07 08:44:31 logger.go:19: ERROR: failed to save image | exit status 1
2024/07/07 08:44:37 logger.go:19: ERROR: failed to save image | exit status 1
2024/07/07 08:44:44 logger.go:19: ERROR: failed to save image | exit status 1
2024/07/07 08:44:51 logger.go:19: ERROR: failed to save image | exit status 1
2024/07/07 08:47:21 logger.go:19: ERROR: failed to save image | exit status 1
2024/07/07 08:47:28 logger.go:19: ERROR: failed to save image | exit status 1
2024/07/07 08:47:43 logger.go:19: ERROR: failed to save image | exit status 1
2024/07/07 08:47:47 logger.go:19: ERROR: failed to save image | exit status 1
2024/07/07 08:47:54 logger.go:19: ERROR: failed to save image | exit status 1
2024/07/07 08:48:02 logger.go:19: ERROR: failed to save image | exit status 1
2024/07/07 08:48:07 logger.go:19: ERROR: failed to save image | exit status 1
2024/07/07 08:53:15 logger.go:19: ERROR: failed to save image | exit status 1
2024/07/07 08:53:20 logger.go:19: ERROR: failed to save image | exit status 1
2024/07/07 08:53:26 logger.go:19: ERROR: failed to save image | exit status 1
2024/07/07 08:53:30 logger.go:19: ERROR: failed to save image | exit status 1
2024/07/07 08:53:37 logger.go:19: ERROR: failed to save image | exit status 1
2024/07/07 08:53:44 logger.go:19: ERROR: failed to save image | exit status 1
2024/07/07 08:53:49 logger.go:19: ERROR: failed to save image | exit status 1
2024/07/07 08:53:54 logger.go:19: ERROR: failed to save image | exit status 1
2024/07/07 08:54:10 logger.go:19: ERROR: failed to save image | exit status 1
2024/07/07 08:54:14 logger.go:19: ERROR: failed to save image | exit status 1
2024/07/09 23:33:41 logger.go:19: ERROR: failed to save image | exit status 1
2024/07/11 13:46:01 logger.go:19: ERROR: failed to save image | exit status 1
2024/07/13 16:25:44 logger.go:19: ERROR: could not get img identifier due to irregular filename | '213092-841901903 -0300 -03 m=.png'
2024/07/13 16:25:44 logger.go:19: ERROR: could not get img identifier due to irregular filename | '15721-402235289 -0300 -03 m=.png'
2024/07/13 17:46:15 logger.go:19: ERROR: could not get img identifier due to irregular filename | '15721-402235289 -0300 -03 m=.png'
2024/07/13 17:46:15 logger.go:19: ERROR: could not get img identifier due to irregular filename | '248101-72600113 -0300 -03 m=.png'
2024/07/13 17:46:21 logger.go:19: ERROR: could not get img identifier due to irregular filename | '248101-72600113 -0300 -03 m=.png'
2024/07/13 17:46:21 logger.go:19: ERROR: could not get img identifier due to irregular filename | '17562-607341498 -0300 -03 m=.png'
2024/07/13 18:05:35 logger.go:19: ERROR: could not get img identifier due to irregular filename | '17562-607341498 -0300 -03 m=.png'
2024/07/13 18:05:35 logger.go:19: ERROR: could not get img identifier due to irregular filename | '355402-013702636 -0300 -03 m=.png'
2024/07/13 18:05:37 logger.go:19: ERROR: could not get img identifier due to irregular filename | '355402-013702636 -0300 -03 m=.png'
2024/07/13 18:05:37 logger.go:19: ERROR: could not get img identifier due to irregular filename | '8743-855398707 -0300 -03 m=.png'
2024/07/13 18:55:53 logger.go:19: ERROR: could not get img identifier due to irregular filename | '8743-855398707 -0300 -03 m=.png'
2024/07/13 18:55:53 logger.go:19: ERROR: could not get img identifier due to irregular filename | '441739-922054268 -0300 -03 m=.png'
2024/07/13 18:55:58 logger.go:19: ERROR: could not get img identifier due to irregular filename | '441739-922054268 -0300 -03 m=.png'
2024/07/13 18:55:58 logger.go:19: ERROR: could not get img identifier due to irregular filename | '31758-263124457 -0300 -03 m=.png'
2024/07/14 10:34:55 logger.go:19: ERROR: could not get img identifier due to irregular filename | '31758-263124457 -0300 -03 m=.png'
2024/07/14 10:34:55 logger.go:19: ERROR: could not get img identifier due to irregular filename | '309217-265946681 -0300 -03 m=.png'
2024/07/14 10:34:58 logger.go:19: ERROR: could not get img identifier due to irregular filename | '309217-265946681 -0300 -03 m=.png'
2024/07/14 10:34:58 logger.go:19: ERROR: could not get img identifier due to irregular filename | '24117-697662694 -0300 -03 m=.png'
2024/07/14 10:48:56 logger.go:19: ERROR: could not get img identifier due to irregular filename | '24117-697662694 -0300 -03 m=.png'
2024/07/14 10:48:56 logger.go:19: ERROR: could not get img identifier due to irregular filename | '309086-244621189 -0300 -03 m=.png'
2024/07/14 10:49:04 logger.go:19: ERROR: could not get img identifier due to irregular filename | '309086-244621189 -0300 -03 m=.png'
2024/07/14 10:49:04 logger.go:19: ERROR: could not get img identifier due to irregular filename | '28216-745176834 -0300 -03 m=.png'
2024/07/14 11:13:55 logger.go:19: ERROR: could not get img identifier due to irregular filename | '28216-745176834 -0300 -03 m=.png'
2024/07/14 11:13:55 logger.go:19: ERROR: could not get img identifier due to irregular filename | '333669-030595657 -0300 -03 m=.png'
2024/07/14 11:13:59 logger.go:19: ERROR: could not get img identifier due to irregular filename | '333669-030595657 -0300 -03 m=.png'
2024/07/14 11:13:59 logger.go:19: ERROR: could not get img identifier due to irregular filename | '15549-887507505 -0300 -03 m=.png'
2024/07/14 11:35:26 logger.go:19: ERROR: could not get img identifier due to irregular filename | '15549-887507505 -0300 -03 m=.png'
2024/07/14 11:35:26 logger.go:19: ERROR: could not get img identifier due to irregular filename | '264149-963795827 -0300 -03 m=.png'
2024/07/14 11:36:17 logger.go:19: ERROR: could not get img identifier due to irregular filename | '264149-963795827 -0300 -03 m=.png'
2024/07/14 11:36:17 logger.go:19: ERROR: could not get img identifier due to irregular filename | '464132-034842194 -0300 -03 m=.png'
2024/07/14 11:36:23 logger.go:19: ERROR: could not get img identifier due to irregular filename | '464132-034842194 -0300 -03 m=.png'
2024/07/14 11:36:23 logger.go:19: ERROR: could not get img identifier due to irregular filename | '12274-059916354 -0300 -03 m=.png'
2024/07/14 12:04:21 logger.go:19: ERROR: could not get img identifier due to irregular filename | '12274-059916354 -0300 -03 m=.png'
2024/07/14 12:04:21 logger.go:19: ERROR: could not get img identifier due to irregular filename | '460020-976994201 -0300 -03 m=.png'
2024/07/14 12:04:28 logger.go:19: ERROR: could not get img identifier due to irregular filename | '460020-976994201 -0300 -03 m=.png'
2024/07/14 12:04:28 logger.go:19: ERROR: could not get img identifier due to irregular filename | '12419-04749367 -0300 -03 m=.png'
2024/07/14 12:43:30 logger.go:19: ERROR: could not get img identifier due to irregular filename | '12419-04749367 -0300 -03 m=.png'
2024/07/14 12:43:30 logger.go:19: ERROR: could not get img identifier due to irregular filename | '454348-121805774 -0300 -03 m=.png'
2024/07/14 12:43:32 logger.go:19: ERROR: could not get img identifier due to irregular filename | '454348-121805774 -0300 -03 m=.png'
2024/07/14 12:43:32 logger.go:19: ERROR: could not get img identifier due to irregular filename | '15528-566193298 -0300 -03 m=.png'
2024/07/14 12:54:08 logger.go:19: ERROR: could not get img identifier due to irregular filename | '15528-566193298 -0300 -03 m=.png'
2024/07/14 12:54:08 logger.go:19: ERROR: could not get img identifier due to irregular filename | '395713-295797621 -0300 -03 m=.png'
2024/07/14 12:54:11 logger.go:19: ERROR: could not get img identifier due to irregular filename | '395713-295797621 -0300 -03 m=.png'
2024/07/14 12:54:11 logger.go:19: ERROR: could not get img identifier due to irregular filename | '24720-492272091 -0300 -03 m=.png'
2024/07/14 13:28:31 logger.go:19: ERROR: could not get img identifier due to irregular filename | '24720-492272091 -0300 -03 m=.png'
2024/07/14 13:28:31 logger.go:19: ERROR: could not get img identifier due to irregular filename | '368528-968405285 -0300 -03 m=.png'
2024/07/14 13:28:40 logger.go:19: ERROR: could not get img identifier due to irregular filename | '368528-968405285 -0300 -03 m=.png'
2024/07/14 13:28:40 logger.go:19: ERROR: could not get img identifier due to irregular filename | '20247-393357431 -0300 -03 m=.png'
2024/07/14 13:30:07 logger.go:19: ERROR: unexpected EOF
2024/07/14 13:46:58 logger.go:19: ERROR: could not get img identifier due to irregular filename | '20247-393357431 -0300 -03 m=.png'
2024/07/14 13:46:58 logger.go:19: ERROR: could not get img identifier due to irregular filename | '287053-456917377 -0300 -03 m=.png'
2024/07/14 13:49:27 logger.go:19: ERROR: could not get img identifier due to irregular filename | '287053-456917377 -0300 -03 m=.png'
2024/07/14 13:49:27 logger.go:19: ERROR: could not get img identifier due to irregular filename | '467181-868998251 -0300 -03 m=.png'
2024/07/14 13:53:05 logger.go:19: ERROR: could not get img identifier due to irregular filename | '467181-868998251 -0300 -03 m=.png'
2024/07/14 13:53:05 logger.go:19: ERROR: could not get img identifier due to irregular filename | '403026-162826492 -0300 -03 m=.png'
2024/07/14 13:53:09 logger.go:19: ERROR: could not get img identifier due to irregular filename | '403026-162826492 -0300 -03 m=.png'
2024/07/14 13:53:09 logger.go:19: ERROR: could not get img identifier due to irregular filename | '18475-839425808 -0300 -03 m=.png'
2024/07/14 13:54:04 logger.go:19: ERROR: could not get img identifier due to irregular filename | '18475-839425808 -0300 -03 m=.png'
2024/07/14 13:54:04 logger.go:19: ERROR: could not get img identifier due to irregular filename | '403731-995181778 -0300 -03 m=.png'
2024/07/14 13:54:06 logger.go:19: ERROR: could not get img identifier due to irregular filename | '403731-995181778 -0300 -03 m=.png'
2024/07/14 13:54:06 logger.go:19: ERROR: could not get img identifier due to irregular filename | '11388-93228897 -0300 -03 m=.png'
2024/07/14 13:54:13 logger.go:19: ERROR: could not get img identifier due to irregular filename | '11388-93228897 -0300 -03 m=.png'
2024/07/14 13:54:13 logger.go:19: ERROR: could not get img identifier due to irregular filename | '418077-797591106 -0300 -03 m=.png'
2024/07/14 13:54:16 logger.go:19: ERROR: could not get img identifier due to irregular filename | '418077-797591106 -0300 -03 m=.png'
2024/07/14 13:54:16 logger.go:19: ERROR: could not get img identifier due to irregular filename | '25070-29303973 -0300 -03 m=.png'
2024/07/14 13:54:21 logger.go:19: ERROR: could not get img identifier due to irregular filename | '25070-29303973 -0300 -03 m=.png'
2024/07/14 13:54:21 logger.go:19: ERROR: could not get img identifier due to irregular filename | '368371-751657168 -0300 -03 m=.png'
2024/07/14 13:54:24 logger.go:19: ERROR: could not get img identifier due to irregular filename | '368371-751657168 -0300 -03 m=.png'
2024/07/14 13:54:24 logger.go:19: ERROR: could not get img identifier due to irregular filename | '25043-198428869 -0300 -03 m=.png'
2024/07/14 14:18:17 logger.go:19: ERROR: could not get img identifier due to irregular filename | '25043-198428869 -0300 -03 m=.png'
2024/07/14 14:18:17 logger.go:19: ERROR: could not get img identifier due to irregular filename | '420048-771554348 -0300 -03 m=.png'
2024/07/14 14:18:21 logger.go:19: ERROR: could not get img identifier due to irregular filename | '420048-771554348 -0300 -03 m=.png'
2024/07/14 14:18:21 logger.go:19: ERROR: could not get img identifier due to irregular filename | '22514-635703115 -0300 -03 m=.png'
2024/07/14 15:45:08 logger.go:19: ERROR: could not get img identifier due to irregular filename | '22514-635703115 -0300 -03 m=.png'
2024/07/14 15:45:08 logger.go:19: ERROR: could not get img identifier due to irregular filename | '95491-134842045 -0300 -03 m=.png'
2024/07/15 13:04:52 logger.go:19: ERROR: could not get img identifier due to irregular filename | '22514-635703115 -0300 -03 m=.png'
2024/07/15 13:04:52 logger.go:19: ERROR: could not get img identifier due to irregular filename | '208146-02913279 -0300 -03 m=.png'
2024/07/15 13:04:52 logger.go:19: ERROR: failed to delete image | /home/firmino/.config/clipse/tmp_files/22514-635703115 -0300 -03 m=.png | remove /home/firmino/.config/clipse/tmp_files/22514-635703115 -0300 -03 m=.png: no such file or directory
2024/07/15 13:04:54 logger.go:19: ERROR: could not get img identifier due to irregular filename | '208146-02913279 -0300 -03 m=.png'
2024/07/15 13:04:54 logger.go:19: ERROR: could not get img identifier due to irregular filename | '82220-658462061 -0300 -03 m=.png'
2024/07/15 13:05:06 logger.go:19: ERROR: could not get img identifier due to irregular filename | '82220-658462061 -0300 -03 m=.png'
2024/07/15 13:05:06 logger.go:19: ERROR: could not get img identifier due to irregular filename | '208125-6594991 -0300 -03 m=.png'
2024/07/15 13:05:10 logger.go:19: ERROR: could not get img identifier due to irregular filename | '208125-6594991 -0300 -03 m=.png'
2024/07/15 13:05:10 logger.go:19: ERROR: could not get img identifier due to irregular filename | '77313-980762875 -0300 -03 m=.png'
2024/07/15 13:05:20 logger.go:19: ERROR: could not get img identifier due to irregular filename | '77313-980762875 -0300 -03 m=.png'
2024/07/15 13:05:20 logger.go:19: ERROR: could not get img identifier due to irregular filename | '80836-243297204 -0300 -03 m=.png'
2024/07/15 13:06:12 logger.go:19: ERROR: could not get img identifier due to irregular filename | '80836-243297204 -0300 -03 m=.png'
2024/07/15 13:06:12 logger.go:19: ERROR: could not get img identifier due to irregular filename | '58801-751164132 -0300 -03 m=.png'
2024/07/15 13:06:31 logger.go:19: ERROR: could not get img identifier due to irregular filename | '58801-751164132 -0300 -03 m=.png'
2024/07/15 13:06:31 logger.go:19: ERROR: could not get img identifier due to irregular filename | '167358-090585942 -0300 -03 m=.png'
2024/07/15 13:06:35 logger.go:19: ERROR: could not get img identifier due to irregular filename | '167358-090585942 -0300 -03 m=.png'
2024/07/15 13:06:35 logger.go:19: ERROR: could not get img identifier due to irregular filename | '57986-870508054 -0300 -03 m=.png'
2024/07/15 13:06:44 logger.go:19: ERROR: could not get img identifier due to irregular filename | '57986-870508054 -0300 -03 m=.png'
2024/07/15 13:06:44 logger.go:19: ERROR: could not get img identifier due to irregular filename | '58083-418055832 -0300 -03 m=.png'
2024/07/15 13:07:18 logger.go:19: ERROR: could not get img identifier due to irregular filename | '58083-418055832 -0300 -03 m=.png'
2024/07/15 13:07:18 logger.go:19: ERROR: could not get img identifier due to irregular filename | '212573-347480743 -0300 -03 m=.png'
2024/07/15 13:07:23 logger.go:19: ERROR: could not get img identifier due to irregular filename | '212573-347480743 -0300 -03 m=.png'
2024/07/15 13:07:23 logger.go:19: ERROR: could not get img identifier due to irregular filename | '68601-533178104 -0300 -03 m=.png'
2024/07/15 13:07:27 logger.go:19: ERROR: could not get img identifier due to irregular filename | '68601-533178104 -0300 -03 m=.png'
2024/07/15 13:07:27 logger.go:19: ERROR: could not get img identifier due to irregular filename | '68062-430585391 -0300 -03 m=.png'
2024/07/15 13:07:48 logger.go:19: ERROR: could not get img identifier due to irregular filename | '68062-430585391 -0300 -03 m=.png'
2024/07/15 13:07:48 logger.go:19: ERROR: could not get img identifier due to irregular filename | '175924-375041933 -0300 -03 m=.png'
2024/07/15 13:07:52 logger.go:19: ERROR: could not get img identifier due to irregular filename | '175924-375041933 -0300 -03 m=.png'
2024/07/15 13:07:52 logger.go:19: ERROR: could not get img identifier due to irregular filename | '71268-030916034 -0300 -03 m=.png'
2024/07/15 13:08:03 logger.go:19: ERROR: could not get img identifier due to irregular filename | '71268-030916034 -0300 -03 m=.png'
2024/07/15 13:08:03 logger.go:19: ERROR: could not get img identifier due to irregular filename | '71713-685651127 -0300 -03 m=.png'
2024/07/15 13:52:19 logger.go:19: ERROR: could not get img identifier due to irregular filename | '71713-685651127 -0300 -03 m=.png'
2024/07/15 13:52:19 logger.go:19: ERROR: could not get img identifier due to irregular filename | '365791-439510014 -0300 -03 m=.png'
2024/07/15 13:52:22 logger.go:19: ERROR: could not get img identifier due to irregular filename | '365791-439510014 -0300 -03 m=.png'
2024/07/15 13:52:22 logger.go:19: ERROR: could not get img identifier due to irregular filename | '1831-283060872 -0300 -03 m=.png'
2024/07/15 14:18:38 logger.go:19: ERROR: could not get img identifier due to irregular filename | '1831-283060872 -0300 -03 m=.png'
2024/07/15 14:18:38 logger.go:19: ERROR: could not get img identifier due to irregular filename | '256771-057299022 -0300 -03 m=.png'
2024/07/15 14:41:57 logger.go:19: ERROR: could not get img identifier due to irregular filename | '256771-057299022 -0300 -03 m=.png'
2024/07/15 14:41:57 logger.go:19: ERROR: could not get img identifier due to irregular filename | '384357-128922854 -0300 -03 m=.png'
2024/07/15 14:42:02 logger.go:19: ERROR: could not get img identifier due to irregular filename | '384357-128922854 -0300 -03 m=.png'
2024/07/15 14:42:02 logger.go:19: ERROR: could not get img identifier due to irregular filename | '6599-848873149 -0300 -03 m=.png'
2024/07/15 14:58:36 logger.go:19: ERROR: could not get img identifier due to irregular filename | '6599-848873149 -0300 -03 m=.png'
2024/07/15 14:58:36 logger.go:19: ERROR: could not get img identifier due to irregular filename | '85846-97414601 -0300 -03 m=.png'
2024/07/15 14:58:47 logger.go:19: ERROR: could not get img identifier due to irregular filename | '85846-97414601 -0300 -03 m=.png'
2024/07/15 14:58:47 logger.go:19: ERROR: could not get img identifier due to irregular filename | '167628-397083559 -0300 -03 m=.png'
2024/07/15 14:58:52 logger.go:19: ERROR: could not get img identifier due to irregular filename | '167628-397083559 -0300 -03 m=.png'
2024/07/15 14:58:52 logger.go:19: ERROR: could not get img identifier due to irregular filename | '55216-621726783 -0300 -03 m=.png'
2024/07/15 14:59:01 logger.go:19: ERROR: could not get img identifier due to irregular filename | '55216-621726783 -0300 -03 m=.png'
2024/07/15 14:59:01 logger.go:19: ERROR: could not get img identifier due to irregular filename | '54705-287688711 -0300 -03 m=.png'
2024/07/15 14:59:11 logger.go:19: ERROR: could not get img identifier due to irregular filename | '54705-287688711 -0300 -03 m=.png'
2024/07/15 14:59:11 logger.go:19: ERROR: could not get img identifier due to irregular filename | '214917-490362136 -0300 -03 m=.png'
2024/07/15 14:59:18 logger.go:19: ERROR: could not get img identifier due to irregular filename | '214917-490362136 -0300 -03 m=.png'
2024/07/15 14:59:18 logger.go:19: ERROR: could not get img identifier due to irregular filename | '80088-30497597 -0300 -03 m=.png'
2024/07/15 14:59:34 logger.go:19: ERROR: could not get img identifier due to irregular filename | '80088-30497597 -0300 -03 m=.png'
2024/07/15 14:59:34 logger.go:19: ERROR: could not get img identifier due to irregular filename | '124660-570705285 -0300 -03 m=.png'
2024/07/15 14:59:45 logger.go:19: ERROR: could not get img identifier due to irregular filename | '124660-570705285 -0300 -03 m=.png'
2024/07/15 14:59:45 logger.go:19: ERROR: could not get img identifier due to irregular filename | '337926-159900975 -0300 -03 m=.png'
2024/07/15 14:59:54 logger.go:19: ERROR: could not get img identifier due to irregular filename | '337926-159900975 -0300 -03 m=.png'
2024/07/15 14:59:54 logger.go:19: ERROR: could not get img identifier due to irregular filename | '203809-065749686 -0300 -03 m=.png'
2024/07/15 15:00:10 logger.go:19: ERROR: could not get img identifier due to irregular filename | '203809-065749686 -0300 -03 m=.png'
2024/07/15 15:00:10 logger.go:19: ERROR: could not get img identifier due to irregular filename | '108890-563214881 -0300 -03 m=.png'
2024/07/15 15:00:32 logger.go:19: ERROR: could not get img identifier due to irregular filename | '108890-563214881 -0300 -03 m=.png'
2024/07/15 15:00:32 logger.go:19: ERROR: could not get img identifier due to irregular filename | '118028-911023597 -0300 -03 m=.png'
2024/07/15 15:07:31 logger.go:19: ERROR: could not get img identifier due to irregular filename | '118028-911023597 -0300 -03 m=.png'
2024/07/15 15:07:31 logger.go:19: ERROR: could not get img identifier due to irregular filename | '258526-439195269 -0300 -03 m=.png'
2024/07/15 17:17:13 logger.go:19: ERROR: could not get img identifier due to irregular filename | '258526-439195269 -0300 -03 m=.png'
2024/07/15 17:17:13 logger.go:19: ERROR: could not get img identifier due to irregular filename | '70736-89209247 -0300 -03 m=.png'
2024/07/15 17:17:44 logger.go:19: ERROR: could not get img identifier due to irregular filename | '70736-89209247 -0300 -03 m=.png'
2024/07/15 17:17:44 logger.go:19: ERROR: could not get img identifier due to irregular filename | '59161-213954519 -0300 -03 m=.png'
2024/07/15 17:18:33 logger.go:19: ERROR: could not get img identifier due to irregular filename | '59161-213954519 -0300 -03 m=.png'
2024/07/15 17:18:33 logger.go:19: ERROR: could not get img identifier due to irregular filename | '42188-132721647 -0300 -03 m=.png'
2024/07/15 17:18:53 logger.go:19: ERROR: could not get img identifier due to irregular filename | '42188-132721647 -0300 -03 m=.png'
2024/07/15 17:18:53 logger.go:19: ERROR: could not get img identifier due to irregular filename | '495262-011450804 -0300 -03 m=.png'
2024/07/15 17:19:00 logger.go:19: ERROR: could not get img identifier due to irregular filename | '495262-011450804 -0300 -03 m=.png'
2024/07/15 17:19:00 logger.go:19: ERROR: could not get img identifier due to irregular filename | '91158-632959252 -0300 -03 m=.png'
2024/07/15 17:19:08 logger.go:19: ERROR: could not get img identifier due to irregular filename | '91158-632959252 -0300 -03 m=.png'
2024/07/15 17:19:08 logger.go:19: ERROR: could not get img identifier due to irregular filename | '91054-290386235 -0300 -03 m=.png'
2024/07/15 17:19:40 logger.go:19: ERROR: could not get img identifier due to irregular filename | '91054-290386235 -0300 -03 m=.png'
2024/07/15 17:19:40 logger.go:19: ERROR: could not get img identifier due to irregular filename | '96837-491426494 -0300 -03 m=.png'
2024/07/15 17:19:59 logger.go:19: ERROR: could not get img identifier due to irregular filename | '96837-491426494 -0300 -03 m=.png'
2024/07/15 17:19:59 logger.go:19: ERROR: could not get img identifier due to irregular filename | '94807-64020264 -0300 -03 m=.png'
2024/07/15 17:21:01 logger.go:19: ERROR: could not get img identifier due to irregular filename | '94807-64020264 -0300 -03 m=.png'
2024/07/15 17:21:01 logger.go:19: ERROR: could not get img identifier due to irregular filename | '124648-230436178 -0300 -03 m=.png'
2024/07/15 17:21:20 logger.go:19: ERROR: could not get img identifier due to irregular filename | '124648-230436178 -0300 -03 m=.png'
2024/07/15 17:21:20 logger.go:19: ERROR: could not get img identifier due to irregular filename | '108740-327815116 -0300 -03 m=.png'
2024/07/15 17:21:41 logger.go:19: ERROR: could not get img identifier due to irregular filename | '108740-327815116 -0300 -03 m=.png'
2024/07/15 17:21:41 logger.go:19: ERROR: could not get img identifier due to irregular filename | '90346-124167494 -0300 -03 m=.png'
2024/07/15 17:21:55 logger.go:19: ERROR: could not get img identifier due to irregular filename | '90346-124167494 -0300 -03 m=.png'
2024/07/15 17:21:55 logger.go:19: ERROR: could not get img identifier due to irregular filename | '73266-333105438 -0300 -03 m=.png'
2024/07/15 17:29:22 logger.go:19: ERROR: unexpected EOF
2024/07/15 17:34:37 logger.go:19: ERROR: unexpected EOF
2024/07/15 17:35:06 logger.go:19: ERROR: could not get img identifier due to irregular filename | '73266-333105438 -0300 -03 m=.png'
2024/07/15 17:35:06 logger.go:19: ERROR: could not get img identifier due to irregular filename | '481514-279136521 -0300 -03 m=.png'
2024/07/18 10:52:28 logger.go:19: ERROR: could not get img identifier due to irregular filename | '481514-279136521 -0300 -03 m=.png'
2024/07/18 10:52:28 logger.go:19: ERROR: could not get img identifier due to irregular filename | '469047-5626004 -0300 -03 m=.png'
2024/07/18 11:10:52 logger.go:19: ERROR: could not get img identifier due to irregular filename | '469047-5626004 -0300 -03 m=.png'
2024/07/18 11:10:52 logger.go:19: ERROR: could not get img identifier due to irregular filename | '533980-676981445 -0300 -03 m=.png'
2024/07/18 15:38:27 logger.go:19: ERROR: could not get img identifier due to irregular filename | '533980-676981445 -0300 -03 m=.png'
2024/07/18 15:38:27 logger.go:19: ERROR: could not get img identifier due to irregular filename | '308378-582110091 -0300 -03 m=.png'
2024/07/18 15:38:35 logger.go:19: ERROR: could not get img identifier due to irregular filename | '308378-582110091 -0300 -03 m=.png'
2024/07/18 15:38:35 logger.go:19: ERROR: could not get img identifier due to irregular filename | '189513-666911978 -0300 -03 m=.png'
2024/07/22 07:41:55 logger.go:19: ERROR: could not get img identifier due to irregular filename | '189513-666911978 -0300 -03 m=.png'
2024/07/22 07:41:55 logger.go:19: ERROR: could not get img identifier due to irregular filename | '138430-727381743 -0300 -03 m=.png'
2024/07/22 10:00:06 logger.go:19: ERROR: could not get img identifier due to irregular filename | '138430-727381743 -0300 -03 m=.png'
2024/07/22 10:00:06 logger.go:19: ERROR: could not get img identifier due to irregular filename | '74693-414033409 -0300 -03 m=.png'
2024/07/29 13:05:09 logger.go:19: ERROR: could not get img identifier due to irregular filename | '208800-780595606 -0300 -03 m=.png'
2024/07/29 13:05:09 logger.go:19: ERROR: could not get img identifier due to irregular filename | '36124-679685223 -0300 -03 m=.png'
2024/07/29 13:05:51 logger.go:19: ERROR: could not get img identifier due to irregular filename | '36124-679685223 -0300 -03 m=.png'
2024/07/29 13:05:51 logger.go:19: ERROR: could not get img identifier due to irregular filename | '210655-838917211 -0300 -03 m=.png'
2024/07/31 08:09:38 logger.go:19: ERROR: could not get img identifier due to irregular filename | '210655-838917211 -0300 -03 m=.png'
2024/07/31 08:09:38 logger.go:19: ERROR: could not get img identifier due to irregular filename | '937011-27204841 -0300 -03 m=.png'
2024/07/31 08:10:11 logger.go:19: ERROR: could not get img identifier due to irregular filename | '937011-27204841 -0300 -03 m=.png'
2024/07/31 08:10:11 logger.go:19: ERROR: could not get img identifier due to irregular filename | '937011-637878014 -0300 -03 m=.png'
2024/07/31 08:11:20 logger.go:19: ERROR: could not get img identifier due to irregular filename | '937011-637878014 -0300 -03 m=.png'
2024/07/31 08:11:20 logger.go:19: ERROR: could not get img identifier due to irregular filename | '919669-975766993 -0300 -03 m=.png'
2024/07/31 08:11:57 logger.go:19: ERROR: could not get img identifier due to irregular filename | '919669-975766993 -0300 -03 m=.png'
2024/07/31 08:11:57 logger.go:19: ERROR: could not get img identifier due to irregular filename | '919669-343687773 -0300 -03 m=.png'
2024/07/31 08:13:29 logger.go:19: ERROR: could not get img identifier due to irregular filename | '919669-343687773 -0300 -03 m=.png'
2024/07/31 08:13:29 logger.go:19: ERROR: could not get img identifier due to irregular filename | '833466-917249663 -0300 -03 m=.png'
2024/07/31 08:14:40 logger.go:19: ERROR: could not get img identifier due to irregular filename | '833466-917249663 -0300 -03 m=.png'
2024/07/31 08:14:40 logger.go:19: ERROR: could not get img identifier due to irregular filename | '804530-504794165 -0300 -03 m=.png'
2024/07/31 08:17:52 logger.go:19: ERROR: could not get img identifier due to irregular filename | '804530-504794165 -0300 -03 m=.png'
2024/07/31 08:17:52 logger.go:19: ERROR: could not get img identifier due to irregular filename | '804530-338226266 -0300 -03 m=.png'
2024/07/31 08:18:37 logger.go:19: ERROR: could not get img identifier due to irregular filename | '804530-338226266 -0300 -03 m=.png'
2024/07/31 08:18:37 logger.go:19: ERROR: could not get img identifier due to irregular filename | '827467-920698881 -0300 -03 m=.png'
2024/07/31 08:20:00 logger.go:19: ERROR: could not get img identifier due to irregular filename | '827467-920698881 -0300 -03 m=.png'
2024/07/31 08:20:00 logger.go:19: ERROR: could not get img identifier due to irregular filename | '827467-076526481 -0300 -03 m=.png'
2024/07/31 08:20:28 logger.go:19: ERROR: could not get img identifier due to irregular filename | '827467-076526481 -0300 -03 m=.png'
2024/07/31 08:20:28 logger.go:19: ERROR: could not get img identifier due to irregular filename | '894595-887705561 -0300 -03 m=.png'
2024/07/31 14:34:51 logger.go:19: ERROR: could not get img identifier due to irregular filename | '894595-887705561 -0300 -03 m=.png'
2024/07/31 14:34:51 logger.go:19: ERROR: could not get img identifier due to irregular filename | '780-419952982 -0300 -03 m=.png'
2024/07/31 14:35:39 logger.go:19: ERROR: could not get img identifier due to irregular filename | '780-419952982 -0300 -03 m=.png'
2024/07/31 14:35:39 logger.go:19: ERROR: could not get img identifier due to irregular filename | '108324-394203376 -0300 -03 m=.png'
2024/07/31 14:35:42 logger.go:19: ERROR: could not get img identifier due to irregular filename | '108324-394203376 -0300 -03 m=.png'
2024/07/31 14:35:42 logger.go:19: ERROR: could not get img identifier due to irregular filename | '108318-509433129 -0300 -03 m=.png'
2024/07/31 14:35:51 logger.go:19: ERROR: could not get img identifier due to irregular filename | '108318-509433129 -0300 -03 m=.png'
2024/07/31 14:35:51 logger.go:19: ERROR: could not get img identifier due to irregular filename | '287285-469283119 -0300 -03 m=.png'
2024/08/01 17:23:41 logger.go:19: ERROR: could not get img identifier due to irregular filename | '287285-469283119 -0300 -03 m=.png'
2024/08/01 17:23:41 logger.go:19: ERROR: could not get img identifier due to irregular filename | '156259-413321409 -0300 -03 m=.png'
2024/08/01 17:23:44 logger.go:19: ERROR: could not get img identifier due to irregular filename | '156259-413321409 -0300 -03 m=.png'
2024/08/01 17:23:44 logger.go:19: ERROR: could not get img identifier due to irregular filename | '145289-107241258 -0300 -03 m=.png'
2024/08/02 11:25:20 logger.go:19: ERROR: could not get img identifier due to irregular filename | '145289-107241258 -0300 -03 m=.png'
2024/08/02 11:25:20 logger.go:19: ERROR: could not get img identifier due to irregular filename | '69664-423612458 -0300 -03 m=.png'
2024/08/02 11:25:23 logger.go:19: ERROR: could not get img identifier due to irregular filename | '69664-423612458 -0300 -03 m=.png'
2024/08/02 11:25:23 logger.go:19: ERROR: could not get img identifier due to irregular filename | '306886-843425719 -0300 -03 m=.png'
2024/08/02 11:25:29 logger.go:19: ERROR: could not get img identifier due to irregular filename | '306886-843425719 -0300 -03 m=.png'
2024/08/02 11:25:29 logger.go:19: ERROR: could not get img identifier due to irregular filename | '304367-692252414 -0300 -03 m=.png'
2024/08/02 11:25:32 logger.go:19: ERROR: could not get img identifier due to irregular filename | '304367-692252414 -0300 -03 m=.png'
2024/08/02 11:25:32 logger.go:19: ERROR: could not get img identifier due to irregular filename | '69737-682980474 -0300 -03 m=.png'
2024/08/02 11:25:50 logger.go:19: ERROR: could not get img identifier due to irregular filename | '69737-682980474 -0300 -03 m=.png'
2024/08/02 11:25:50 logger.go:19: ERROR: could not get img identifier due to irregular filename | '69307-843262873 -0300 -03 m=.png'
2024/08/02 12:19:39 logger.go:19: ERROR: could not get img identifier due to irregular filename | '69307-843262873 -0300 -03 m=.png'
2024/08/02 12:19:39 logger.go:19: ERROR: could not get img identifier due to irregular filename | '43162-039937614 -0300 -03 m=.png'
2024/08/02 12:21:50 logger.go:19: ERROR: could not get img identifier due to irregular filename | '43162-039937614 -0300 -03 m=.png'
2024/08/02 12:21:50 logger.go:19: ERROR: could not get img identifier due to irregular filename | '237291-506222455 -0300 -03 m=.png'
2024/08/02 12:21:56 logger.go:19: ERROR: could not get img identifier due to irregular filename | '237291-506222455 -0300 -03 m=.png'
2024/08/02 12:21:56 logger.go:19: ERROR: could not get img identifier due to irregular filename | '10637-383187028 -0300 -03 m=.png'
2024/08/02 12:22:04 logger.go:19: ERROR: could not get img identifier due to irregular filename | '10637-383187028 -0300 -03 m=.png'
2024/08/02 12:22:04 logger.go:19: ERROR: could not get img identifier due to irregular filename | '8716-102779267 -0300 -03 m=.png'
2024/08/02 12:25:16 logger.go:19: ERROR: could not get img identifier due to irregular filename | '8716-102779267 -0300 -03 m=.png'
2024/08/02 12:25:16 logger.go:19: ERROR: could not get img identifier due to irregular filename | '19574-232977122 -0300 -03 m=.png'
2024/08/02 12:34:31 logger.go:19: ERROR: could not get img identifier due to irregular filename | '19574-232977122 -0300 -03 m=.png'
2024/08/02 12:34:31 logger.go:19: ERROR: could not get img identifier due to irregular filename | '310179-563819378 -0300 -03 m=.png'
2024/08/02 12:34:40 logger.go:19: ERROR: could not get img identifier due to irregular filename | '310179-563819378 -0300 -03 m=.png'
2024/08/02 12:34:40 logger.go:19: ERROR: could not get img identifier due to irregular filename | '81269-748881721 -0300 -03 m=.png'
2024/08/02 12:36:26 logger.go:19: ERROR: could not get img identifier due to irregular filename | '81269-748881721 -0300 -03 m=.png'
2024/08/02 12:36:26 logger.go:19: ERROR: could not get img identifier due to irregular filename | '35469-419163153 -0300 -03 m=.png'
2024/08/02 12:36:36 logger.go:19: ERROR: could not get img identifier due to irregular filename | '35469-419163153 -0300 -03 m=.png'
2024/08/02 12:36:36 logger.go:19: ERROR: could not get img identifier due to irregular filename | '27531-718301924 -0300 -03 m=.png'
2024/08/02 12:38:16 logger.go:19: ERROR: could not get img identifier due to irregular filename | '27531-718301924 -0300 -03 m=.png'
2024/08/02 12:38:16 logger.go:19: ERROR: could not get img identifier due to irregular filename | '5006-360954792 -0300 -03 m=.png'
2024/08/02 12:42:15 logger.go:19: ERROR: could not get img identifier due to irregular filename | '5006-360954792 -0300 -03 m=.png'
2024/08/02 12:42:15 logger.go:19: ERROR: could not get img identifier due to irregular filename | '45873-07672411 -0300 -03 m=.png'
2024/08/02 12:45:55 logger.go:19: ERROR: could not get img identifier due to irregular filename | '45873-07672411 -0300 -03 m=.png'
2024/08/02 12:45:55 logger.go:19: ERROR: could not get img identifier due to irregular filename | '17604-975080404 -0300 -03 m=.png'
2024/08/02 12:47:40 logger.go:19: ERROR: could not get img identifier due to irregular filename | '17604-975080404 -0300 -03 m=.png'
2024/08/02 12:47:40 logger.go:19: ERROR: could not get img identifier due to irregular filename | '10397-436820225 -0300 -03 m=.png'
2024/08/02 12:51:34 logger.go:19: ERROR: could not get img identifier due to irregular filename | '10397-436820225 -0300 -03 m=.png'
2024/08/02 12:51:34 logger.go:19: ERROR: could not get img identifier due to irregular filename | '28430-448312736 -0300 -03 m=.png'
2024/08/02 13:08:12 logger.go:19: ERROR: could not get img identifier due to irregular filename | '28430-448312736 -0300 -03 m=.png'
2024/08/02 13:08:12 logger.go:19: ERROR: could not get img identifier due to irregular filename | '41559-741046699 -0300 -03 m=.png'
2024/08/02 13:10:09 logger.go:19: ERROR: could not get img identifier due to irregular filename | '41559-741046699 -0300 -03 m=.png'
2024/08/02 13:10:09 logger.go:19: ERROR: could not get img identifier due to irregular filename | '44912-774215905 -0300 -03 m=.png'
2024/08/02 13:14:49 logger.go:19: ERROR: could not get img identifier due to irregular filename | '44912-774215905 -0300 -03 m=.png'
2024/08/02 13:14:49 logger.go:19: ERROR: could not get img identifier due to irregular filename | '58164-812098621 -0300 -03 m=.png'
2024/08/02 13:18:48 logger.go:19: ERROR: could not get img identifier due to irregular filename | '58164-812098621 -0300 -03 m=.png'
2024/08/02 13:18:48 logger.go:19: ERROR: could not get img identifier due to irregular filename | '67493-339298704 -0300 -03 m=.png'
2024/08/02 13:21:47 logger.go:19: ERROR: could not get img identifier due to irregular filename | '67493-339298704 -0300 -03 m=.png'
2024/08/02 13:21:47 logger.go:19: ERROR: could not get img identifier due to irregular filename | '53176-696681272 -0300 -03 m=.png'
2024/08/02 13:29:01 logger.go:19: ERROR: could not get img identifier due to irregular filename | '53176-696681272 -0300 -03 m=.png'
2024/08/02 13:29:01 logger.go:19: ERROR: could not get img identifier due to irregular filename | '102938-069790576 -0300 -03 m=.png'
2024/08/02 15:05:00 logger.go:19: ERROR: could not get img identifier due to irregular filename | '102938-069790576 -0300 -03 m=.png'
2024/08/02 15:05:00 logger.go:19: ERROR: could not get img identifier due to irregular filename | '9958-397934305 -0300 -03 m=.png'
2024/08/03 15:11:57 logger.go:19: ERROR: unexpected EOF
2024/08/03 15:17:10 logger.go:19: ERROR: could not get img identifier due to irregular filename | '9958-397934305 -0300 -03 m=.png'
2024/08/03 15:17:10 logger.go:19: ERROR: could not get img identifier due to irregular filename | '63822-344275483 -0300 -03 m=.png'
2024/08/04 12:29:00 logger.go:19: ERROR: could not get img identifier due to irregular filename | '63822-344275483 -0300 -03 m=.png'
2024/08/04 12:29:00 logger.go:19: ERROR: could not get img identifier due to irregular filename | '21232-779133726 -0300 -03 m=.png'
2024/08/06 17:11:13 logger.go:19: ERROR: could not get img identifier due to irregular filename | '21232-779133726 -0300 -03 m=.png'
2024/08/06 17:11:13 logger.go:19: ERROR: could not get img identifier due to irregular filename | '54726-42857889 -0300 -03 m=.png'
2024/08/06 17:11:25 logger.go:19: ERROR: could not get img identifier due to irregular filename | '54726-42857889 -0300 -03 m=.png'
2024/08/06 17:11:25 logger.go:19: ERROR: could not get img identifier due to irregular filename | '53815-063664849 -0300 -03 m=.png'
2024/09/29 10:45:09 logger.go:19: ERROR: could not get img identifier due to irregular filename | '53815-063664849 -0300 -03 m=.png'
2024/09/29 10:45:09 logger.go:19: ERROR: could not get img identifier due to irregular filename | '38853-791792688 -0300 -03 m=.png'
2024/10/22 10:34:20 logger.go:19: ERROR: could not get img identifier due to irregular filename | '11545-106218607 -0300 -03 m=.png'
2024/10/22 10:34:20 logger.go:19: ERROR: could not get img identifier due to irregular filename | '56769-920146032 -0300 -03 m=.png'
2024/10/22 10:34:31 logger.go:19: ERROR: could not get img identifier due to irregular filename | '56769-920146032 -0300 -03 m=.png'
2024/10/22 10:34:31 logger.go:19: ERROR: could not get img identifier due to irregular filename | '54540-401868869 -0300 -03 m=.png'
2024/10/22 10:35:46 logger.go:19: ERROR: could not get img identifier due to irregular filename | '54540-401868869 -0300 -03 m=.png'
2024/10/22 10:35:46 logger.go:19: ERROR: could not get img identifier due to irregular filename | '27172-971325229 -0300 -03 m=.png'
2024/10/27 17:42:08 logger.go:19: ERROR: could not get img identifier due to irregular filename | '27172-971325229 -0300 -03 m=.png'
2024/10/27 17:42:08 logger.go:19: ERROR: could not get img identifier due to irregular filename | '54860-573018902 -0300 -03 m=.png'
2024/10/29 11:35:00 logger.go:19: ERROR: could not get img identifier due to irregular filename | '59040-620249588 -0300 -03 m=.png'
2024/10/29 11:35:00 logger.go:19: ERROR: could not get img identifier due to irregular filename | '57329-502383803 -0300 -03 m=.png'
2024/10/29 17:07:12 logger.go:19: ERROR: could not get img identifier due to irregular filename | '57329-502383803 -0300 -03 m=.png'
2024/10/29 17:07:12 logger.go:19: ERROR: could not get img identifier due to irregular filename | '15421-51679604 -0300 -03 m=.png'
2024/10/29 17:08:48 logger.go:19: ERROR: could not get img identifier due to irregular filename | '15421-51679604 -0300 -03 m=.png'
2024/10/29 17:08:48 logger.go:19: ERROR: could not get img identifier due to irregular filename | '10071-327939431 -0300 -03 m=.png'
2024/10/29 17:09:25 logger.go:19: ERROR: could not get img identifier due to irregular filename | '10071-327939431 -0300 -03 m=.png'
2024/10/29 17:09:25 logger.go:19: ERROR: could not get img identifier due to irregular filename | '32928-019409656 -0300 -03 m=.png'
2024/10/29 17:11:15 logger.go:19: ERROR: could not get img identifier due to irregular filename | '32928-019409656 -0300 -03 m=.png'
2024/10/29 17:11:15 logger.go:19: ERROR: could not get img identifier due to irregular filename | '55545-177760548 -0300 -03 m=.png'
2024/10/29 17:14:29 logger.go:19: ERROR: could not get img identifier due to irregular filename | '55545-177760548 -0300 -03 m=.png'
2024/10/29 17:14:29 logger.go:19: ERROR: could not get img identifier due to irregular filename | '26704-172049492 -0300 -03 m=.png'
2024/10/29 17:18:04 logger.go:19: ERROR: could not get img identifier due to irregular filename | '26704-172049492 -0300 -03 m=.png'
2024/10/29 17:18:04 logger.go:19: ERROR: could not get img identifier due to irregular filename | '25399-129659811 -0300 -03 m=.png'
2024/10/29 17:21:10 logger.go:19: ERROR: could not get img identifier due to irregular filename | '25399-129659811 -0300 -03 m=.png'
2024/10/29 17:21:10 logger.go:19: ERROR: could not get img identifier due to irregular filename | '22746-826055281 -0300 -03 m=.png'
2024/10/29 17:30:43 logger.go:19: ERROR: could not get img identifier due to irregular filename | '22746-826055281 -0300 -03 m=.png'
2024/10/29 17:30:43 logger.go:19: ERROR: could not get img identifier due to irregular filename | '70944-558179362 -0300 -03 m=.png'
2024/10/29 17:37:43 logger.go:19: ERROR: could not get img identifier due to irregular filename | '70944-558179362 -0300 -03 m=.png'
2024/10/29 17:37:43 logger.go:19: ERROR: could not get img identifier due to irregular filename | '223560-175149672 -0300 -03 m=.png'
