2023-07-27 01:55:16 Loading main app package /usr/lib/obsidian/obsidian.asar
2023-07-27 01:55:16 Checking for update using Github
2023-07-27 01:55:16 Success.
2023-07-27 01:55:16 Latest version is 1.3.5
2023-07-27 01:55:16 App is up to date.
2023-07-27 11:56:48 Loading main app package /usr/lib/obsidian/obsidian.asar
2023-07-27 11:56:48 Checking for update using Github
2023-07-27 11:56:48 Success.
2023-07-27 11:56:48 Latest version is 1.3.5
2023-07-27 11:56:48 App is up to date.
2023-07-27 11:58:27 Loading main app package /usr/lib/obsidian/obsidian.asar
2023-07-27 11:58:28 Checking for update using Github
2023-07-27 11:58:28 Success.
2023-07-27 11:58:28 Latest version is 1.3.5
2023-07-27 11:58:28 App is up to date.
2023-07-30 17:37:53 Loading main app package /usr/lib/obsidian/obsidian.asar
2023-07-30 17:37:53 Checking for update using Github
2023-07-30 17:37:54 Success.
2023-07-30 17:37:54 Latest version is 1.3.5
2023-07-30 17:37:54 App is up to date.
2023-07-30 22:13:51 Loading main app package /usr/lib/obsidian/obsidian.asar
2023-07-30 22:13:51 Checking for update using Github
2023-07-30 22:13:52 Success.
2023-07-30 22:13:52 Latest version is 1.3.5
2023-07-30 22:13:52 App is up to date.
2023-07-31 17:08:06 Loading main app package /usr/lib/obsidian/obsidian.asar
2023-07-31 17:08:07 Checking for update using Github
2023-07-31 17:08:07 Success.
2023-07-31 17:08:07 Latest version is 1.3.7
2023-07-31 17:08:07 Downloading update from https://github.com/obsidianmd/obsidian-releases/releases/download/v1.3.7/obsidian-1.3.7.asar.gz
2023-07-31 17:08:08 Verifying hash & signature. Size= 7540911
2023-07-31 17:08:09 Saving file
2023-07-31 17:08:09 Update complete.
2023-07-31 23:04:22 Loading updated app package /home/firmino/.config/obsidian/obsidian-1.3.7.asar
2023-07-31 23:04:22 Checking for update using Github
2023-07-31 23:04:22 Success.
2023-07-31 23:04:22 Latest version is 1.3.7
2023-07-31 23:04:22 App is up to date.
2023-08-01 23:42:37 Loading updated app package /home/firmino/.config/obsidian/obsidian-1.3.7.asar
2023-08-01 23:42:37 Checking for update using Github
2023-08-01 23:42:37 Success.
2023-08-01 23:42:37 Latest version is 1.3.7
2023-08-01 23:42:37 App is up to date.
2023-08-02 13:18:37 Loading updated app package /home/firmino/.config/obsidian/obsidian-1.3.7.asar
2023-08-02 13:18:38 Checking for update using Github
2023-08-02 13:18:38 Success.
2023-08-02 13:18:38 Latest version is 1.3.7
2023-08-02 13:18:38 App is up to date.
2023-08-04 22:50:15 Loading main app package /usr/lib/obsidian/obsidian.asar
2023-08-04 22:50:15 Checking for update using Github
2023-08-04 22:50:15 Success.
2023-08-04 22:50:15 Latest version is 1.3.7
2023-08-04 22:50:15 App is up to date.
2023-08-13 15:24:54 Loading main app package /usr/lib/obsidian/obsidian.asar
2023-08-13 15:24:54 Checking for update using Github
2023-08-13 15:24:54 Success.
2023-08-13 15:24:54 Latest version is 1.3.7
2023-08-13 15:24:54 App is up to date.
2023-08-13 16:24:54 Checking for update using Github
2023-08-13 16:24:54 Success.
2023-08-13 16:24:54 Latest version is 1.3.7
2023-08-13 16:24:54 App is up to date.
2023-08-13 22:04:47 Loading main app package /usr/lib/obsidian/obsidian.asar
2023-08-13 22:04:47 Checking for update using Github
2023-08-13 22:04:47 Success.
2023-08-13 22:04:47 Latest version is 1.3.7
2023-08-13 22:04:47 App is up to date.
2023-08-13 22:18:19 Loading main app package /usr/lib/obsidian/obsidian.asar
2023-08-13 22:18:19 Checking for update using Github
2023-08-13 22:18:19 Success.
2023-08-13 22:18:19 Latest version is 1.3.7
2023-08-13 22:18:19 App is up to date.
2023-09-03 16:07:30 Loading main app package /usr/lib/obsidian/obsidian.asar
2023-09-03 16:07:30 Checking for update using Github
2023-09-03 16:07:30 Success.
2023-09-03 16:07:30 Latest version is 1.4.5
2023-09-03 16:07:30 App is up to date.
2023-09-05 17:03:56 Loading main app package /usr/lib/obsidian/obsidian.asar
2023-09-05 17:03:56 Checking for update using Github
2023-09-05 17:03:56 Success.
2023-09-05 17:03:56 Latest version is 1.4.5
2023-09-05 17:03:56 App is up to date.
2023-09-06 15:43:59 Loading main app package /usr/lib/obsidian/obsidian.asar
2023-09-06 15:44:00 Checking for update using Github
2023-09-06 15:44:00 Success.
2023-09-06 15:44:00 Latest version is 1.4.5
2023-09-06 15:44:00 App is up to date.
2023-09-16 14:49:58 Loading main app package /usr/lib/obsidian/obsidian.asar
2023-09-16 14:49:58 Checking for update using Github
2023-09-16 14:49:59 Success.
2023-09-16 14:49:59 Latest version is 1.4.13
2023-09-16 14:49:59 Downloading update from https://github.com/obsidianmd/obsidian-releases/releases/download/v1.4.13/obsidian-1.4.13.asar.gz
2023-09-16 14:50:00 Verifying hash & signature. Size= 8394487
2023-09-16 14:50:00 Saving file
2023-09-16 14:50:01 Update complete.
2023-10-03 23:44:13 Loading main app package /usr/lib/obsidian/obsidian.asar
2023-10-03 23:44:13 Checking for update using Github
2023-10-03 23:44:13 Success.
2023-10-03 23:44:13 Latest version is 1.4.14
2023-10-03 23:44:13 App is up to date.
2023-10-08 22:06:18 Loading main app package /usr/lib/obsidian/obsidian.asar
2023-10-08 22:06:19 Checking for update using Github
2023-10-08 22:06:19 Success.
2023-10-08 22:06:19 Latest version is 1.4.14
2023-10-08 22:06:19 App is up to date.
2023-10-22 17:36:34 Loading main app package /usr/lib/obsidian/obsidian.asar
2023-10-22 17:36:34 Checking for update using Github
2023-10-22 17:36:34 Success.
2023-10-22 17:36:34 Latest version is 1.4.16
2023-10-22 17:36:34 App is up to date.
2023-10-22 18:36:34 Checking for update using Github
2023-10-22 18:36:34 Success.
2023-10-22 18:36:34 Latest version is 1.4.16
2023-10-22 18:36:34 App is up to date.
2023-10-22 19:36:34 Checking for update using Github
2023-10-22 19:36:34 Success.
2023-10-22 19:36:34 Latest version is 1.4.16
2023-10-22 19:36:34 App is up to date.
2023-10-23 23:03:32 Loading main app package /usr/lib/obsidian/obsidian.asar
2023-10-23 23:03:32 Checking for update using Github
2023-10-23 23:03:32 Success.
2023-10-23 23:03:32 Latest version is 1.4.16
2023-10-23 23:03:32 App is up to date.
2023-10-24 18:09:20 Loading main app package /usr/lib/obsidian/obsidian.asar
2023-10-24 18:09:20 Checking for update using Github
2023-10-24 18:09:20 Success.
2023-10-24 18:09:20 Latest version is 1.4.16
2023-10-24 18:09:20 App is up to date.
2023-10-24 18:36:55 Loading main app package /usr/lib/obsidian/obsidian.asar
2023-10-24 18:36:56 Checking for update using Github
2023-10-24 18:36:56 Success.
2023-10-24 18:36:56 Latest version is 1.4.16
2023-10-24 18:36:56 App is up to date.
2023-10-24 19:36:55 Checking for update using Github
2023-10-24 19:36:55 Success.
2023-10-24 19:36:55 Latest version is 1.4.16
2023-10-24 19:36:55 App is up to date.
2023-10-24 20:36:55 Checking for update using Github
2023-10-24 20:36:56 Success.
2023-10-24 20:36:56 Latest version is 1.4.16
2023-10-24 20:36:56 App is up to date.
2023-11-06 17:22:37 Loading main app package /usr/lib/obsidian/obsidian.asar
2023-11-06 17:22:37 Checking for update using Github
2023-11-06 17:22:37 Success.
2023-11-06 17:22:37 Latest version is 1.4.16
2023-11-06 17:22:37 App is up to date.
2023-11-23 22:36:43 Loading main app package /usr/lib/obsidian/obsidian.asar
2023-11-23 22:36:43 Checking for update using Github
2023-11-23 22:36:44 Success.
2023-11-23 22:36:44 Latest version is 1.4.16
2023-11-23 22:36:44 App is up to date.
2023-11-26 23:17:32 Loading main app package /usr/lib/obsidian/obsidian.asar
2023-11-26 23:17:32 Checking for update using Github
2023-11-26 23:17:37 Success.
2023-11-26 23:17:37 Latest version is 1.4.16
2023-11-26 23:17:37 App is up to date.
2024-01-06 00:02:47 Loading main app package /usr/lib/obsidian/obsidian.asar
2024-01-06 00:02:47 Checking for update using Github
2024-01-06 00:02:47 Success.
2024-01-06 00:02:47 Latest version is 1.5.3
2024-01-06 00:02:47 App is up to date.
2024-02-15 14:46:48 Loading main app package /usr/lib/obsidian/obsidian.asar
2024-02-15 14:46:48 Checking for update using Github
2024-02-15 14:46:48 Success.
2024-02-15 14:46:48 Latest version is 1.5.3
2024-02-15 14:46:48 App is up to date.
2024-02-15 15:46:48 Checking for update using Github
2024-02-15 15:46:48 Success.
2024-02-15 15:46:48 Latest version is 1.5.3
2024-02-15 15:46:48 App is up to date.
2024-02-16 17:44:34 Loading main app package /usr/lib/obsidian/obsidian.asar
2024-02-16 17:44:34 Checking for update using Github
2024-02-16 17:44:35 Success.
2024-02-16 17:44:35 Latest version is 1.5.3
2024-02-16 17:44:35 App is up to date.
2024-02-20 16:52:27 Loading main app package /usr/lib/obsidian/obsidian.asar
2024-02-20 16:52:28 Checking for update using Github
2024-02-20 16:52:28 Success.
2024-02-20 16:52:28 Latest version is 1.5.3
2024-02-20 16:52:28 App is up to date.
2024-02-22 12:18:12 Loading main app package /usr/lib/obsidian/obsidian.asar
2024-02-22 12:18:12 Checking for update using Github
2024-02-22 12:18:12 Success.
2024-02-22 12:18:12 Latest version is 1.5.3
2024-02-22 12:18:12 App is up to date.
2024-03-15 18:59:30 Loading main app package /usr/lib/obsidian/obsidian.asar
2024-03-15 18:59:30 Checking for update using Github
2024-03-15 18:59:31 Success.
2024-03-15 18:59:31 Latest version is 1.5.8
2024-03-15 18:59:31 App is up to date.
2024-03-15 19:03:21 Loading main app package /usr/lib/obsidian/obsidian.asar
2024-03-15 19:03:21 Checking for update using Github
2024-03-15 19:03:21 Success.
2024-03-15 19:03:21 Latest version is 1.5.8
2024-03-15 19:03:21 App is up to date.
2024-03-15 19:04:28 Loading main app package /usr/lib/obsidian/obsidian.asar
2024-03-15 19:04:28 Checking for update using Github
2024-03-15 19:04:44 Loading main app package /usr/lib/obsidian/obsidian.asar
2024-03-15 19:04:44 Checking for update using Github
2024-03-15 19:04:49 Success.
2024-03-15 19:04:49 Latest version is 1.5.8
2024-03-15 19:04:49 App is up to date.
2024-03-15 19:05:19 Loading main app package /usr/lib/obsidian/obsidian.asar
2024-03-15 19:05:20 Checking for update using Github
2024-03-15 19:05:20 Success.
2024-03-15 19:05:20 Latest version is 1.5.8
2024-03-15 19:05:20 App is up to date.
2024-03-15 19:07:21 Loading main app package /usr/lib/obsidian/obsidian.asar
2024-03-15 19:07:21 Checking for update using Github
2024-03-15 19:07:21 Success.
2024-03-15 19:07:21 Latest version is 1.5.8
2024-03-15 19:07:21 App is up to date.
2024-03-15 19:07:34 Loading main app package /usr/lib/obsidian/obsidian.asar
2024-03-15 19:07:34 Checking for update using Github
2024-03-15 19:07:34 Success.
2024-03-15 19:07:34 Latest version is 1.5.8
2024-03-15 19:07:34 App is up to date.
2024-03-19 18:13:38 Loading main app package /usr/lib/obsidian/obsidian.asar
2024-03-19 18:13:38 Checking for update using Github
2024-03-19 18:13:38 Success.
2024-03-19 18:13:38 Latest version is 1.5.11
2024-03-19 18:13:38 Downloading update from https://github.com/obsidianmd/obsidian-releases/releases/download/v1.5.11/obsidian-1.5.11.asar.gz
2024-03-19 18:13:39 Verifying hash & signature. Size= 8781777
2024-03-19 18:13:40 Saving file
2024-03-19 18:13:40 Update complete.
2024-04-19 12:55:25 Loading main app package /usr/lib/obsidian/obsidian.asar
2024-04-19 12:55:25 Checking for update using Github
2024-04-19 12:55:26 Success.
2024-04-19 12:55:26 Latest version is 1.5.12
2024-04-19 12:55:26 App is up to date.
2024-04-19 13:48:48 Loading main app package /usr/lib/obsidian/obsidian.asar
2024-04-19 13:48:48 Checking for update using Github
2024-04-19 13:48:49 Success.
2024-04-19 13:48:49 Latest version is 1.5.12
2024-04-19 13:48:49 App is up to date.
2024-04-20 18:11:41 Loading main app package /usr/lib/obsidian/obsidian.asar
2024-04-20 18:11:41 Checking for update using Github
2024-04-20 18:11:42 Success.
2024-04-20 18:11:42 Latest version is 1.5.12
2024-04-20 18:11:42 App is up to date.
2024-04-20 18:32:41 Checking for update using Github
2024-04-20 18:32:41 Success.
2024-04-20 18:32:41 Latest version is 1.5.12
2024-04-20 18:32:41 App is up to date.
2024-04-21 17:22:45 Loading main app package /usr/lib/obsidian/obsidian.asar
2024-04-21 17:22:46 Checking for update using Github
2024-04-21 17:22:46 Success.
2024-04-21 17:22:46 Latest version is 1.5.12
2024-04-21 17:22:46 App is up to date.
2024-04-23 11:21:32 Loading main app package /usr/lib/obsidian/obsidian.asar
2024-04-23 11:21:32 Checking for update using Github
2024-04-23 11:21:32 Success.
2024-04-23 11:21:32 Latest version is 1.5.12
2024-04-23 11:21:32 App is up to date.
2024-04-23 13:16:07 Checking for update using Github
2024-04-23 13:16:08 Success.
2024-04-23 13:16:08 Latest version is 1.5.12
2024-04-23 13:16:08 App is up to date.
2024-04-25 12:26:35 Loading main app package /usr/lib/obsidian/obsidian.asar
2024-04-25 12:26:35 Checking for update using Github
2024-04-25 12:26:35 Success.
2024-04-25 12:26:35 Latest version is 1.5.12
2024-04-25 12:26:35 App is up to date.
2024-05-17 20:02:20 Loading main app package /usr/lib/obsidian/obsidian.asar
2024-05-17 20:02:20 Checking for update using Github
2024-05-17 20:02:21 Success.
2024-05-17 20:02:21 Latest version is 1.5.12
2024-05-17 20:02:21 App is up to date.
2024-05-21 11:53:47 Loading main app package /usr/lib/obsidian/obsidian.asar
2024-05-21 11:53:47 Checking for update using Github
2024-05-21 11:53:47 Success.
2024-05-21 11:53:47 Latest version is 1.5.12
2024-05-21 11:53:47 App is up to date.
2024-05-21 12:13:22 Loading main app package /usr/lib/obsidian/obsidian.asar
2024-05-21 12:13:23 Checking for update using Github
2024-05-21 12:13:23 Success.
2024-05-21 12:13:23 Latest version is 1.5.12
2024-05-21 12:13:23 App is up to date.
2024-05-27 10:01:07 Loading main app package /usr/lib/obsidian/obsidian.asar
2024-05-27 10:01:07 Checking for update using Github
2024-05-27 10:01:08 Success.
2024-05-27 10:01:08 Latest version is 1.5.12
2024-05-27 10:01:08 App is up to date.
2024-05-27 11:01:07 Checking for update using Github
2024-05-27 11:01:07 Success.
2024-05-27 11:01:07 Latest version is 1.5.12
2024-05-27 11:01:07 App is up to date.
2024-05-27 12:01:07 Checking for update using Github
2024-05-27 12:01:08 Success.
2024-05-27 12:01:08 Latest version is 1.5.12
2024-05-27 12:01:08 App is up to date.
2024-05-27 13:01:08 Checking for update using Github
2024-05-27 13:01:08 Success.
2024-05-27 13:01:08 Latest version is 1.5.12
2024-05-27 13:01:08 App is up to date.
2024-05-27 14:01:08 Checking for update using Github
2024-05-27 14:01:08 Success.
2024-05-27 14:01:08 Latest version is 1.5.12
2024-05-27 14:01:08 App is up to date.
2024-05-27 15:01:08 Checking for update using Github
2024-05-27 15:01:08 Success.
2024-05-27 15:01:08 Latest version is 1.5.12
2024-05-27 15:01:08 App is up to date.
2024-05-28 11:50:07 Loading main app package /usr/lib/obsidian/obsidian.asar
2024-05-28 11:50:07 Checking for update using Github
2024-05-28 11:50:13 Success.
2024-05-28 11:50:13 Latest version is 1.5.12
2024-05-28 11:50:13 App is up to date.
2024-06-04 13:46:13 Loading main app package /usr/lib/obsidian/obsidian.asar
2024-06-04 13:46:13 Checking for update using Github
2024-06-04 13:46:14 Success.
2024-06-04 13:46:14 Latest version is 1.5.12
2024-06-04 13:46:14 App is up to date.
2024-06-22 16:39:33 Loading main app package /usr/lib/obsidian/obsidian.asar
2024-06-22 16:39:33 Checking for update using Github
2024-06-22 16:39:33 Success.
2024-06-22 16:39:33 Latest version is 1.6.3
2024-06-22 16:39:33 App is up to date.
2024-06-22 17:39:33 Checking for update using Github
2024-06-22 17:39:33 Success.
2024-06-22 17:39:33 Latest version is 1.6.3
2024-06-22 17:39:33 App is up to date.
2024-06-29 17:53:27 Loading main app package /usr/lib/obsidian/obsidian.asar
2024-06-29 17:53:27 Checking for update using Github
2024-06-29 17:53:32 Success.
2024-06-29 17:53:32 Latest version is 1.6.5
2024-06-29 17:53:32 App is up to date.
2024-06-29 18:01:22 Checking for update using Github
2024-06-29 18:01:22 Success.
2024-06-29 18:01:22 Latest version is 1.6.5
2024-06-29 18:01:22 App is up to date.
2024-06-30 13:11:06 Loading main app package /usr/lib/obsidian/obsidian.asar
2024-06-30 13:11:06 Checking for update using Github
2024-06-30 13:11:06 Success.
2024-06-30 13:11:06 Latest version is 1.6.5
2024-06-30 13:11:06 App is up to date.
